/*C3*/SET SCHEMA PUBLIC
DELETE FROM PRESCRIPTIONS WHERE ID=108
COMMIT
INSERT INTO PRESCRIPTIONS VALUES(109,'asdfa\u000aasdf',9,3,'2019-02-28',7,'\u041d\u043e\u0440\u043c\u0430\u043b\u044c\u043d\u044b\u0439')
ALTER SEQUENCE PUBLIC.HIBERNATE_SEQUENCE RESTART WITH 110
COMMIT
INSERT INTO PATIENTS VALUES(110,'asdf','asdf','','asdf')
ALTER SEQUENCE PUBLIC.HIBERNATE_SEQUENCE RESTART WITH 111
COMMIT
DELETE FROM PATIENTS WHERE ID=110
COMMIT
DELETE FROM PATIENTS WHERE ID=106
COMMIT
INSERT INTO PATIENTS VALUES(111,'asdf','asdf','','asdf')
ALTER SEQUENCE PUBLIC.HIBERNATE_SEQUENCE RESTART WITH 112
COMMIT
DELETE FROM PATIENTS WHERE ID=111
INSERT INTO PATIENTS VALUES(111,'asdf','asdf','asdf','asdf')
COMMIT
DELETE FROM PATIENTS WHERE ID=79
COMMIT
